Solution completed in 126 steps.
Step 1:
RRRR###
RRRR###
RRRR###
RRR BBB
###BBBB
###BBBB
###BBBB

Step 2:
RRRR###
RRRR###
RRR ###
RRRRBBB
###BBBB
###BBBB
###BBBB

Step 3:
RRRR###
RRRR###
RRRB###
RRRRBBB
### BBB
###BBBB
###BBBB

Step 4:
RRRR###
RRRR###
RRRB###
RRRRBBB
###BBBB
### BBB
###BBBB

Step 5:
RRRR###
RRRR###
RRRB###
RRR BBB
###BBBB
###RBBB
###BBBB

Step 6:
RRRR###
RRRR###
RRRB###
RR RBBB
###BBBB
###RBBB
###BBBB

Step 7:
RRRR###
RRRR###
RRRB###
RRBR BB
###BBBB
###RBBB
###BBBB

Step 8:
RRRR###
RRRR###
RRRB###
RRBRB B
###BBBB
###RBBB
###BBBB

Step 9:
RRRR###
RRRR###
RRRB###
RRB BRB
###BBBB
###RBBB
###BBBB

Step 10:
RRRR###
RRRR###
RRRB###
R BRBRB
###BBBB
###RBBB
###BBBB

Step 11:
RRRR###
RRRR###
RRRB###
RB RBRB
###BBBB
###RBBB
###BBBB

Step 12:
RRRR###
RRRR###
RRRB###
RBBR RB
###BBBB
###RBBB
###BBBB

Step 13:
RRRR###
RRRR###
RRRB###
RBBRBRB
###BBBB
###R BB
###BBBB

Step 14:
RRRR###
RRRR###
RRRB###
RBBRBRB
###BBBB
###RB B
###BBBB

Step 15:
RRRR###
RRRR###
RRRB###
RBBRB B
###BBBB
###RBRB
###BBBB

Step 16:
RRRR###
RRRR###
RRRB###
RBB BRB
###BBBB
###RBRB
###BBBB

Step 17:
RRRR###
RRR ###
RRRB###
RBBRBRB
###BBBB
###RBRB
###BBBB

Step 18:
RRRR###
RR R###
RRRB###
RBBRBRB
###BBBB
###RBRB
###BBBB

Step 19:
RRRR###
RRBR###
RRRB###
RB RBRB
###BBBB
###RBRB
###BBBB

Step 20:
RRRR###
RRBR###
RRRB###
RBBR RB
###BBBB
###RBRB
###BBBB

Step 21:
RRRR###
RRBR###
RRRB###
RBB RRB
###BBBB
###RBRB
###BBBB

Step 22:
RRRR###
RRB ###
RRRB###
RBBRRRB
###BBBB
###RBRB
###BBBB

Step 23:
RRR ###
RRBR###
RRRB###
RBBRRRB
###BBBB
###RBRB
###BBBB

Step 24:
RRRB###
RRBR###
RRR ###
RBBRRRB
###BBBB
###RBRB
###BBBB

Step 25:
RRRB###
RRBR###
RRRB###
RBBRRRB
### BBB
###RBRB
###BBBB

Step 26:
RRRB###
RRBR###
RRRB###
RBBRRRB
###BBBB
###RBRB
### BBB

Step 27:
RRRB###
RRBR###
RRRB###
RBBRRRB
###BBBB
### BRB
###RBBB

Step 28:
RRRB###
RRBR###
RRRB###
RBB RRB
###BBBB
###RBRB
###RBBB

Step 29:
RRRB###
RRB ###
RRRB###
RBBRRRB
###BBBB
###RBRB
###RBBB

Step 30:
RRRB###
R BR###
RRRB###
RBBRRRB
###BBBB
###RBRB
###RBBB

Step 31:
R RB###
RRBR###
RRRB###
RBBRRRB
###BBBB
###RBRB
###RBBB

Step 32:
RBR ###
RRBR###
RRRB###
RBBRRRB
###BBBB
###RBRB
###RBBB

Step 33:
RBRB###
RRBR###
RRR ###
RBBRRRB
###BBBB
###RBRB
###RBBB

Step 34:
RBRB###
RRBR###
RRRB###
RBBRRRB
### BBB
###RBRB
###RBBB

Step 35:
RBRB###
RRBR###
RRRB###
RBBRRRB
###BB B
###RBRB
###RBBB

Step 36:
RBRB###
RRBR###
RRRB###
RBBRRRB
###BBBB
###RBRB
###RB B

Step 37:
RBRB###
RRBR###
RRRB###
RBBRRRB
###BBBB
###RBRB
### BRB

Step 38:
RBRB###
RRBR###
RRRB###
RBBRRRB
###BBBB
### BRB
###RBRB

Step 39:
RBRB###
RRBR###
RRRB###
RBB RRB
###BBBB
###RBRB
###RBRB

Step 40:
RBRB###
RRB ###
RRRB###
RBBRRRB
###BBBB
###RBRB
###RBRB

Step 41:
RBRB###
R BR###
RRRB###
RBBRRRB
###BBBB
###RBRB
###RBRB

Step 42:
RBRB###
RBBR###
RRRB###
R BRRRB
###BBBB
###RBRB
###RBRB

Step 43:
RBRB###
RBBR###
R RB###
RRBRRRB
###BBBB
###RBRB
###RBRB

Step 44:
RBRB###
RBBR###
RBR ###
RRBRRRB
###BBBB
###RBRB
###RBRB

Step 45:
RBRB###
RBBR###
RBRB###
RRBRRRB
### BBB
###RBRB
###RBRB

Step 46:
RBRB###
RBBR###
RBRB###
RRBRRRB
###BB B
###RBRB
###RBRB

Step 47:
RBRB###
RBBR###
RBRB###
RRBRR B
###BBRB
###RBRB
###RBRB

Step 48:
RBRB###
RBBR###
RBRB###
RRB RRB
###BBRB
###RBRB
###RBRB

Step 49:
RBRB###
RBB ###
RBRB###
RRBRRRB
###BBRB
###RBRB
###RBRB

Step 50:
RBRB###
RBBB###
RBR ###
RRBRRRB
###BBRB
###RBRB
###RBRB

Step 51:
RBRB###
RBBB###
RBRB###
RRBRRRB
### BRB
###RBRB
###RBRB

Step 52:
RBRB###
RBBB###
RBRB###
RRBRRRB
###B RB
###RBRB
###RBRB

Step 53:
RBRB###
RBBB###
RBRB###
RRBRRRB
###BBRB
###R RB
###RBRB

Step 54:
RBRB###
RBBB###
RBRB###
RRBR RB
###BBRB
###RRRB
###RBRB

Step 55:
RBRB###
RBBB###
RBRB###
RRBRBR 
###BBRB
###RRRB
###RBRB

Step 56:
RBRB###
RBBB###
RBRB###
RRBRBRB
###BBRB
###RRR 
###RBRB

Step 57:
RBRB###
RBBB###
RBRB###
RRBRBRB
###BBRB
###RR R
###RBRB

Step 58:
RBRB###
RBBB###
RBRB###
RRBRB B
###BBRB
###RRRR
###RBRB

Step 59:
RBRB###
RBBB###
RBRB###
RRB BRB
###BBRB
###RRRR
###RBRB

Step 60:
RBRB###
RBBB###
RBRB###
R BRBRB
###BBRB
###RRRR
###RBRB

Step 61:
RBRB###
RBBB###
RBRB###
 RBRBRB
###BBRB
###RRRR
###RBRB

Step 62:
RBRB###
RBBB###
RBRB###
BR RBRB
###BBRB
###RRRR
###RBRB

Step 63:
RBRB###
RBBB###
RBRB###
BRBR RB
###BBRB
###RRRR
###RBRB

Step 64:
RBRB###
RBBB###
RBRB###
BRB RRB
###BBRB
###RRRR
###RBRB

Step 65:
RBRB###
RBBB###
RBRB###
B BRRRB
###BBRB
###RRRR
###RBRB

Step 66:
RBRB###
RBBB###
RBRB###
BB RRRB
###BBRB
###RRRR
###RBRB

Step 67:
RBRB###
RBBB###
RB B###
BBRRRRB
###BBRB
###RRRR
###RBRB

Step 68:
RB B###
RBBB###
RBRB###
BBRRRRB
###BBRB
###RRRR
###RBRB

Step 69:
RBB ###
RBBB###
RBRB###
BBRRRRB
###BBRB
###RRRR
###RBRB

Step 70:
RBBB###
RBBB###
RBR ###
BBRRRRB
###BBRB
###RRRR
###RBRB

Step 71:
RBBB###
RBBB###
RBRB###
BBRRRRB
### BRB
###RRRR
###RBRB

Step 72:
RBBB###
RBBB###
RBRB###
BBRRRRB
###B RB
###RRRR
###RBRB

Step 73:
RBBB###
RBBB###
RBRB###
BBRRRRB
###BBRB
###RRRR
###R RB

Step 74:
RBBB###
RBBB###
RBRB###
BBRRRRB
###BBRB
###R RR
###RRRB

Step 75:
RBBB###
RBBB###
RBRB###
BBRR RB
###BBRB
###RRRR
###RRRB

Step 76:
RBBB###
RBBB###
RBRB###
BB RRRB
###BBRB
###RRRR
###RRRB

Step 77:
RBBB###
RBBB###
RB B###
BBRRRRB
###BBRB
###RRRR
###RRRB

Step 78:
RBBB###
RBBB###
RBB ###
BBRRRRB
###BBRB
###RRRR
###RRRB

Step 79:
RBBB###
RBBB###
RBBB###
BBRRRRB
### BRB
###RRRR
###RRRB

Step 80:
RBBB###
RBBB###
RBBB###
BBRRRRB
###B RB
###RRRR
###RRRB

Step 81:
RBBB###
RBBB###
RBBB###
BBRRRRB
###BBR 
###RRRR
###RRRB

Step 82:
RBBB###
RBBB###
RBBB###
BBRRRRB
###BBRB
###RRRR
###RRR 

Step 83:
RBBB###
RBBB###
RBBB###
BBRRRRB
###BBRB
###RRR 
###RRRR

Step 84:
RBBB###
RBBB###
RBBB###
BBRRRRB
###BBRB
###R RR
###RRRR

Step 85:
RBBB###
RBBB###
RBBB###
BBRR RB
###BBRB
###RRRR
###RRRR

Step 86:
RBBB###
RBBB###
RBBB###
BBRRBR 
###BBRB
###RRRR
###RRRR

Step 87:
RBBB###
RBBB###
RBBB###
BBRRB R
###BBRB
###RRRR
###RRRR

Step 88:
RBBB###
RBBB###
RBBB###
BBR BRR
###BBRB
###RRRR
###RRRR

Step 89:
RBBB###
RBBB###
RBBB###
BBRB RR
###BBRB
###RRRR
###RRRR

Step 90:
RBBB###
RBBB###
RBBB###
BB BRRR
###BBRB
###RRRR
###RRRR

Step 91:
RBBB###
RBBB###
RB B###
BBBBRRR
###BBRB
###RRRR
###RRRR

Step 92:
RBBB###
RBBB###
 BRB###
BBBBRRR
###BBRB
###RRRR
###RRRR

Step 93:
RBBB###
RBBB###
BBRB###
 BBBRRR
###BBRB
###RRRR
###RRRR

Step 94:
RBBB###
 BBB###
BBRB###
RBBBRRR
###BBRB
###RRRR
###RRRR

Step 95:
RBBB###
BB B###
BBRB###
RBBBRRR
###BBRB
###RRRR
###RRRR

Step 96:
RBBB###
BBBB###
BBRB###
RB BRRR
###BBRB
###RRRR
###RRRR

Step 97:
RBBB###
BBBB###
BBRB###
 BRBRRR
###BBRB
###RRRR
###RRRR

Step 98:
RBBB###
BBBB###
BBRB###
B RBRRR
###BBRB
###RRRR
###RRRR

Step 99:
RBBB###
BBBB###
BBRB###
BBR RRR
###BBRB
###RRRR
###RRRR

Step 100:
RBBB###
BBBB###
BBRB###
BB RRRR
###BBRB
###RRRR
###RRRR

Step 101:
RBBB###
BBBB###
BB B###
BBRRRRR
###BBRB
###RRRR
###RRRR

Step 102:
RBBB###
BBBB###
BBB ###
BBRRRRR
###BBRB
###RRRR
###RRRR

Step 103:
RBBB###
BBBB###
BBBB###
BBRRRRR
### BRB
###RRRR
###RRRR

Step 104:
RBBB###
BBBB###
BBBB###
BBRRRRR
###B RB
###RRRR
###RRRR

Step 105:
RBBB###
BBBB###
BBBB###
BBRR RR
###BRRB
###RRRR
###RRRR

Step 106:
RBBB###
BBBB###
BBBB###
BB RRRR
###BRRB
###RRRR
###RRRR

Step 107:
RBBB###
BBBB###
BB B###
BBBRRRR
###BRRB
###RRRR
###RRRR

Step 108:
RBBB###
BBBB###
 BBB###
BBBRRRR
###BRRB
###RRRR
###RRRR

Step 109:
 BBB###
BBBB###
RBBB###
BBBRRRR
###BRRB
###RRRR
###RRRR

Step 110:
BB B###
BBBB###
RBBB###
BBBRRRR
###BRRB
###RRRR
###RRRR

Step 111:
BBBB###
BBBB###
RB B###
BBBRRRR
###BRRB
###RRRR
###RRRR

Step 112:
BBBB###
BBBB###
 BRB###
BBBRRRR
###BRRB
###RRRR
###RRRR

Step 113:
BBBB###
BBBB###
BBRB###
 BBRRRR
###BRRB
###RRRR
###RRRR

Step 114:
BBBB###
BBBB###
BBRB###
BB RRRR
###BRRB
###RRRR
###RRRR

Step 115:
BBBB###
BBBB###
BB B###
BBRRRRR
###BRRB
###RRRR
###RRRR

Step 116:
BBBB###
BBBB###
BBB ###
BBRRRRR
###BRRB
###RRRR
###RRRR

Step 117:
BBBB###
BBBB###
BBBB###
BBRRRRR
### RRB
###RRRR
###RRRR

Step 118:
BBBB###
BBBB###
BBBB###
BBRRRRR
###R RB
###RRRR
###RRRR

Step 119:
BBBB###
BBBB###
BBBB###
BBRRRRR
###RBR 
###RRRR
###RRRR

Step 120:
BBBB###
BBBB###
BBBB###
BBRRRR 
###RBRR
###RRRR
###RRRR

Step 121:
BBBB###
BBBB###
BBBB###
BBRR RR
###RBRR
###RRRR
###RRRR

Step 122:
BBBB###
BBBB###
BBBB###
BBRRBRR
###R RR
###RRRR
###RRRR

Step 123:
BBBB###
BBBB###
BBBB###
BBRRBRR
### RRR
###RRRR
###RRRR

Step 124:
BBBB###
BBBB###
BBBB###
BBR BRR
###RRRR
###RRRR
###RRRR

Step 125:
BBBB###
BBBB###
BBBB###
BB RBRR
###RRRR
###RRRR
###RRRR

Step 126:
BBBB###
BBBB###
BBBB###
BBBR RR
###RRRR
###RRRR
###RRRR

Step 127:
BBBB###
BBBB###
BBBB###
BBB RRR
###RRRR
###RRRR
###RRRR

