Solution completed in 48 steps.
Step 1:
RRR##
RRR##
RR BB
##BBB
##BBB

Step 2:
RRR##
RR ##
RRRBB
##BBB
##BBB

Step 3:
RRR##
RRB##
RRRBB
## BB
##BBB

Step 4:
RRR##
RRB##
RRRBB
##BBB
## BB

Step 5:
RRR##
RRB##
RR BB
##BBB
##RBB

Step 6:
RR ##
RRB##
RRRBB
##BBB
##RBB

Step 7:
RRB##
RR ##
RRRBB
##BBB
##RBB

Step 8:
RRB##
RRB##
RRRBB
## BB
##RBB

Step 9:
RRB##
RRB##
RR BB
##RBB
##RBB

Step 10:
RRB##
RRB##
R RBB
##RBB
##RBB

Step 11:
RRB##
RRB##
RBR B
##RBB
##RBB

Step 12:
RRB##
RRB##
RBRBB
##RBB
##R B

Step 13:
RRB##
RRB##
RBRBB
##RBB
##RB 

Step 14:
RRB##
RRB##
RBRBB
##RBB
## BR

Step 15:
RRB##
RRB##
RB BB
##RBB
##RBR

Step 16:
RRB##
RRB##
 BRBB
##RBB
##RBR

Step 17:
 RB##
RRB##
RBRBB
##RBB
##RBR

Step 18:
BR ##
RRB##
RBRBB
##RBB
##RBR

Step 19:
B R##
RRB##
RBRBB
##RBB
##RBR

Step 20:
BBR##
RRB##
R RBB
##RBB
##RBR

Step 21:
BBR##
RRB##
RBR B
##RBB
##RBR

Step 22:
BBR##
RRB##
RBRBB
##RBB
##R R

Step 23:
BBR##
RRB##
RBRBB
##RBB
## RR

Step 24:
BBR##
RRB##
RB BB
##RBB
##RRR

Step 25:
BBR##
RRB##
 BRBB
##RBB
##RRR

Step 26:
BBR##
RRB##
B RBB
##RBB
##RRR

Step 27:
BBR##
RRB##
BBR B
##RBB
##RRR

Step 28:
BBR##
RRB##
BBRB 
##RBB
##RRR

Step 29:
BBR##
RRB##
BB BR
##RBB
##RRR

Step 30:
BB ##
RRB##
BBRBR
##RBB
##RRR

Step 31:
BBB##
RR ##
BBRBR
##RBB
##RRR

Step 32:
BBB##
 RR##
BBRBR
##RBB
##RRR

Step 33:
BBB##
BRR##
 BRBR
##RBB
##RRR

Step 34:
BBB##
BRR##
B RBR
##RBB
##RRR

Step 35:
BBB##
BRR##
BBR R
##RBB
##RRR

Step 36:
BBB##
BRR##
BBRBR
##R B
##RRR

Step 37:
BBB##
BRR##
BBRBR
## RB
##RRR

Step 38:
BBB##
BR ##
BBRBR
##RRB
##RRR

Step 39:
BBB##
B R##
BBRBR
##RRB
##RRR

Step 40:
BBB##
BBR##
B RBR
##RRB
##RRR

Step 41:
BBB##
BBR##
BBR R
##RRB
##RRR

Step 42:
BBB##
BBR##
BB RR
##RRB
##RRR

Step 43:
BBB##
BBR##
BBRRR
## RB
##RRR

Step 44:
BBB##
BBR##
BBRRR
##BR 
##RRR

Step 45:
BBB##
BBR##
BBRR 
##BRR
##RRR

Step 46:
BBB##
BBR##
BB RR
##BRR
##RRR

Step 47:
BBB##
BB ##
BBRRR
##BRR
##RRR

Step 48:
BBB##
BBB##
BBRRR
## RR
##RRR

Step 49:
BBB##
BBB##
BB RR
##RRR
##RRR

